<?xml version="1.0" encoding="UTF-8"?>
<testng-results skipped="0" failed="0" ignored="0" total="1" passed="1">
  <reporter-output>
  </reporter-output>
  <suite name="Suite" duration-ms="155663" started-at="2018-03-12T08:51:16Z" finished-at="2018-03-12T08:53:52Z">
    <groups>
    </groups>
    <test name="Test" duration-ms="155663" started-at="2018-03-12T08:51:16Z" finished-at="2018-03-12T08:53:52Z">
      <class name="selenium.project.fblogin1">
        <test-method status="PASS" signature="fb()[pri:0, instance:selenium.project.fblogin1@acaea5]" name="fb" duration-ms="155627" started-at="2018-03-12T14:21:16Z" finished-at="2018-03-12T14:23:52Z">
          <reporter-output>
          </reporter-output>
        </test-method> <!-- fb -->
      </class> <!-- selenium.project.fblogin1 -->
    </test> <!-- Test -->
  </suite> <!-- Suite -->
</testng-results>
